============================= test session starts =============================
platform win32 -- Python 3.11.7, pytest-9.1.1, pluggy-1.6.0
rootdir: C:\XTTS Studio
configfile: pyproject.toml
plugins: timeout-2.4.0
timeout: 60.0s
timeout method: thread
timeout func_only: False
collected 693 items / 2 skipped

test_ai_conductor.py .......................                             [  3%]
test_animation_manager.py .............................................. [  9%]
..........................                                               [ 13%]
test_batch_window.py .....                                               [ 14%]
test_chunker.py .................                                        [ 16%]
test_cpu_gpu.py .........                                                [ 18%]
test_diagnostics.py ..............                                       [ 20%]
test_env_core_init.py .                                                  [ 20%]
test_env_setup.py ..........                                             [ 21%]
test_generate_version_manifest.py .........                              [ 23%]
test_gpt_client.py .................                                     [ 25%]
test_header_panel.py ................                                    [ 27%]
test_history_store.py ........                                           [ 29%]
test_i18n.py ............                                                [ 30%]
test_llama_setup.py ........................                             [ 34%]
test_local_llm_client.py ...............                                 [ 36%]
test_local_llm_client_download.py ......                                 [ 37%]
test_normalizer.py .......................                               [ 40%]
test_output_naming.py ........                                           [ 41%]
test_presets.py ........                                                 [ 42%]
test_presets_patch.py ................                                   [ 45%]
test_prosody_layer.py ..................                                 [ 47%]
test_qc.py ............................                                  [ 51%]
test_reference_processor.py ...............                              [ 53%]
test_rvc_catalog.py ................................                     [ 58%]
test_rvc_pipeline.py ..............                                      [ 60%]
test_rvc_setup.py ..............                                         [ 62%]
test_settings_ui.py ......................                               [ 65%]
test_sha256_verification.py ...                                          [ 66%]
test_smart_pauses.py ..............                                      [ 68%]
test_smoke_startup.py .                                                  [ 68%]
test_styles_menu.py .....                                                [ 69%]
test_task_manager.py .......................                             [ 72%]
test_theme_manager.py ............................                       [ 76%]
test_torch_setup.py ...............                                      [ 78%]
test_tts_utils.py ..........................                             [ 82%]
test_updater.py ...........................                              [ 86%]
test_updater_cancel_and_removed_files.py ................                [ 88%]
test_validation.py .......................                               [ 91%]
test_voice_manager.py ............                                       [ 93%]
test_voice_panel.py ............                                         [ 95%]
test_word_replacer.py ................................                   [100%]

============================== warnings summary ===============================
..\python\xtts_env\Lib\site-packages\pydub\utils.py:14
  C:\XTTS Studio\python\xtts_env\Lib\site-packages\pydub\utils.py:14: DeprecationWarning: 'audioop' is deprecated and slated for removal in Python 3.13
    import audioop

-- Docs: https://docs.pytest.org/en/stable/how-to/capture-warnings.html
============ 693 passed, 2 skipped, 1 warning in 69.48s (0:01:09) =============
