============================= test session starts =============================
platform win32 -- Python 3.11.7, pytest-9.1.1, pluggy-1.6.0
rootdir: C:\XTTS Studio
configfile: pyproject.toml
plugins: timeout-2.4.0
timeout: 60.0s
timeout method: thread
timeout func_only: False
collected 621 items / 2 skipped

test_ai_conductor.py .......................                             [  3%]
test_batch_window.py .....                                               [  4%]
test_chunker.py .................                                        [  7%]
test_cpu_gpu.py .........                                                [  8%]
test_diagnostics.py ..............                                       [ 10%]
test_env_core_init.py .                                                  [ 11%]
test_env_setup.py ..........                                             [ 12%]
test_generate_version_manifest.py .........                              [ 14%]
test_gpt_client.py .................                                     [ 16%]
test_header_panel.py ................                                    [ 19%]
test_history_store.py ........                                           [ 20%]
test_i18n.py ............                                                [ 22%]
test_llama_setup.py ........................                             [ 26%]
test_local_llm_client.py ...............                                 [ 28%]
test_local_llm_client_download.py ......                                 [ 29%]
test_normalizer.py .......................                               [ 33%]
test_output_naming.py ........                                           [ 34%]
test_presets.py ........                                                 [ 36%]
test_presets_patch.py ................                                   [ 38%]
test_prosody_layer.py ..................                                 [ 41%]
test_qc.py ............................                                  [ 46%]
test_reference_processor.py ...............                              [ 48%]
test_rvc_catalog.py ................................                     [ 53%]
test_rvc_pipeline.py ..............                                      [ 56%]
test_rvc_setup.py ..............                                         [ 58%]
test_settings_ui.py ......................                               [ 61%]
test_sha256_verification.py ...                                          [ 62%]
test_smart_pauses.py ..............                                      [ 64%]
test_smoke_startup.py .                                                  [ 64%]
test_styles_menu.py .....                                                [ 65%]
test_task_manager.py .......................                             [ 69%]
test_theme_manager.py ............................                       [ 73%]
test_torch_setup.py ...............                                      [ 76%]
test_tts_utils.py ..........................                             [ 80%]
test_updater.py ...........................                              [ 84%]
test_updater_cancel_and_removed_files.py ................                [ 87%]
test_validation.py .......................                               [ 90%]
test_voice_manager.py ............                                       [ 92%]
test_voice_panel.py ............                                         [ 94%]
test_word_replacer.py ................................                   [100%]

============================== warnings summary ===============================
..\python\xtts_env\Lib\site-packages\pydub\utils.py:14
  C:\XTTS Studio\python\xtts_env\Lib\site-packages\pydub\utils.py:14: DeprecationWarning: 'audioop' is deprecated and slated for removal in Python 3.13
    import audioop

-- Docs: https://docs.pytest.org/en/stable/how-to/capture-warnings.html
============ 621 passed, 2 skipped, 1 warning in 66.41s (0:01:06) =============
